Terminals unused in grammar

   ID
   INT_CONST
   FLOAT_CONST
   SCIENTIFIC
   STR_CONST
   LE_OP
   NE_OP
   GE_OP
   EQ_OP
   AND_OP
   OR_OP
   READ
   BOOLEAN
   WHILE
   DO
   IF
   ELSE
   TRUE
   FALSE
   FOR
   INT
   PRINT
   BOOL
   VOID
   FLOAT
   DOUBLE
   STRING
   CONTINUE
   BREAK
   RETURN
   CONST
   L_PAREN
   R_PAREN
   SEMICOLON
   ML_BRACE
   MR_BRACE
   L_BRACE
   R_BRACE
   ADD_OP
   SUB_OP
   MUL_OP
   DIV_OP
   MOD_OP
   ASSIGN_OP
   LT_OP
   GT_OP
   NOT_OP


Grammar

    0 $accept: program $end

    1 $@1: %empty

    2 program: HEY KEV COMMA $@1 command
    3        | HEY KEV COMMA polite command

    4 polite: CAN YOU
    5       | CAN YOU PLEASE

    6 command: timeFunc
    7        | stockFunc
    8        | bmiFunc
    9        | ipFunc

   10 timeFunc: WHAT TIME IS IT questionmark
   11         | TIME

   12 questionmark: QUESTIONMARK
   13             | %empty

   14 stockFunc: show me stock NORMALSTRING stock
   15          | ANALYZE stock NORMALSTRING stock

   16 me: ME
   17   | %empty

   18 stock: STOCK
   19      | %empty

   20 bmiFunc: CALCULATE my BMI

   21 my: MY
   22   | %empty

   23 ipFunc: show my IP

   24 show: SHOW
   25     | %empty


Terminals, with rules where they appear

$end (0) 0
error (256)
ID (258)
INT_CONST (259)
FLOAT_CONST (260)
SCIENTIFIC (261)
STR_CONST (262)
LE_OP (263)
NE_OP (264)
GE_OP (265)
EQ_OP (266)
AND_OP (267)
OR_OP (268)
READ (269)
BOOLEAN (270)
WHILE (271)
DO (272)
IF (273)
ELSE (274)
TRUE (275)
FALSE (276)
FOR (277)
INT (278)
PRINT (279)
BOOL (280)
VOID (281)
FLOAT (282)
DOUBLE (283)
STRING (284)
CONTINUE (285)
BREAK (286)
RETURN (287)
CONST (288)
L_PAREN (289)
R_PAREN (290)
COMMA (291) 2 3
SEMICOLON (292)
ML_BRACE (293)
MR_BRACE (294)
L_BRACE (295)
R_BRACE (296)
ADD_OP (297)
SUB_OP (298)
MUL_OP (299)
DIV_OP (300)
MOD_OP (301)
ASSIGN_OP (302)
LT_OP (303)
GT_OP (304)
NOT_OP (305)
HEY (306) 2 3
KEV (307) 2 3
CAN (308) 4 5
YOU (309) 4 5
PLEASE (310) 5
WHAT (311) 10
TIME (312) 10 11
IS (313) 10
IT (314) 10
QUESTIONMARK (315) 12
SHOW (316) 24
NORMALSTRING (317) 14 15
ANALYZE (318) 15
ME (319) 16
CALCULATE (320) 20
BMI (321) 20
IP (322) 23
MY (323) 21
STOCK (324) 18


Nonterminals, with rules where they appear

$accept (70)
    on left: 0
program (71)
    on left: 2 3, on right: 0
$@1 (72)
    on left: 1, on right: 2
polite (73)
    on left: 4 5, on right: 3
command (74)
    on left: 6 7 8 9, on right: 2 3
timeFunc (75)
    on left: 10 11, on right: 6
questionmark (76)
    on left: 12 13, on right: 10
stockFunc (77)
    on left: 14 15, on right: 7
me (78)
    on left: 16 17, on right: 14
stock (79)
    on left: 18 19, on right: 14 15
bmiFunc (80)
    on left: 20, on right: 8
my (81)
    on left: 21 22, on right: 20 23
ipFunc (82)
    on left: 23, on right: 9
show (83)
    on left: 24 25, on right: 14 23


State 0

    0 $accept: . program $end

    HEY  shift, and go to state 1

    program  go to state 2


State 1

    2 program: HEY . KEV COMMA $@1 command
    3        | HEY . KEV COMMA polite command

    KEV  shift, and go to state 3


State 2

    0 $accept: program . $end

    $end  shift, and go to state 4


State 3

    2 program: HEY KEV . COMMA $@1 command
    3        | HEY KEV . COMMA polite command

    COMMA  shift, and go to state 5


State 4

    0 $accept: program $end .

    $default  accept


State 5

    2 program: HEY KEV COMMA . $@1 command
    3        | HEY KEV COMMA . polite command

    CAN  shift, and go to state 6

    $default  reduce using rule 1 ($@1)

    $@1     go to state 7
    polite  go to state 8


State 6

    4 polite: CAN . YOU
    5       | CAN . YOU PLEASE

    YOU  shift, and go to state 9


State 7

    2 program: HEY KEV COMMA $@1 . command

    WHAT       shift, and go to state 10
    TIME       shift, and go to state 11
    SHOW       shift, and go to state 12
    ANALYZE    shift, and go to state 13
    CALCULATE  shift, and go to state 14

    $default  reduce using rule 25 (show)

    command    go to state 15
    timeFunc   go to state 16
    stockFunc  go to state 17
    bmiFunc    go to state 18
    ipFunc     go to state 19
    show       go to state 20


State 8

    3 program: HEY KEV COMMA polite . command

    WHAT       shift, and go to state 10
    TIME       shift, and go to state 11
    SHOW       shift, and go to state 12
    ANALYZE    shift, and go to state 13
    CALCULATE  shift, and go to state 14

    $default  reduce using rule 25 (show)

    command    go to state 21
    timeFunc   go to state 16
    stockFunc  go to state 17
    bmiFunc    go to state 18
    ipFunc     go to state 19
    show       go to state 20


State 9

    4 polite: CAN YOU .
    5       | CAN YOU . PLEASE

    PLEASE  shift, and go to state 22

    $default  reduce using rule 4 (polite)


State 10

   10 timeFunc: WHAT . TIME IS IT questionmark

    TIME  shift, and go to state 23


State 11

   11 timeFunc: TIME .

    $default  reduce using rule 11 (timeFunc)


State 12

   24 show: SHOW .

    $default  reduce using rule 24 (show)


State 13

   15 stockFunc: ANALYZE . stock NORMALSTRING stock

    STOCK  shift, and go to state 24

    $default  reduce using rule 19 (stock)

    stock  go to state 25


State 14

   20 bmiFunc: CALCULATE . my BMI

    MY  shift, and go to state 26

    $default  reduce using rule 22 (my)

    my  go to state 27


State 15

    2 program: HEY KEV COMMA $@1 command .

    $default  reduce using rule 2 (program)


State 16

    6 command: timeFunc .

    $default  reduce using rule 6 (command)


State 17

    7 command: stockFunc .

    $default  reduce using rule 7 (command)


State 18

    8 command: bmiFunc .

    $default  reduce using rule 8 (command)


State 19

    9 command: ipFunc .

    $default  reduce using rule 9 (command)


State 20

   14 stockFunc: show . me stock NORMALSTRING stock
   23 ipFunc: show . my IP

    ME  shift, and go to state 28
    MY  shift, and go to state 26

    IP        reduce using rule 22 (my)
    $default  reduce using rule 17 (me)

    me  go to state 29
    my  go to state 30


State 21

    3 program: HEY KEV COMMA polite command .

    $default  reduce using rule 3 (program)


State 22

    5 polite: CAN YOU PLEASE .

    $default  reduce using rule 5 (polite)


State 23

   10 timeFunc: WHAT TIME . IS IT questionmark

    IS  shift, and go to state 31


State 24

   18 stock: STOCK .

    $default  reduce using rule 18 (stock)


State 25

   15 stockFunc: ANALYZE stock . NORMALSTRING stock

    NORMALSTRING  shift, and go to state 32


State 26

   21 my: MY .

    $default  reduce using rule 21 (my)


State 27

   20 bmiFunc: CALCULATE my . BMI

    BMI  shift, and go to state 33


State 28

   16 me: ME .

    $default  reduce using rule 16 (me)


State 29

   14 stockFunc: show me . stock NORMALSTRING stock

    STOCK  shift, and go to state 24

    $default  reduce using rule 19 (stock)

    stock  go to state 34


State 30

   23 ipFunc: show my . IP

    IP  shift, and go to state 35


State 31

   10 timeFunc: WHAT TIME IS . IT questionmark

    IT  shift, and go to state 36


State 32

   15 stockFunc: ANALYZE stock NORMALSTRING . stock

    STOCK  shift, and go to state 24

    $default  reduce using rule 19 (stock)

    stock  go to state 37


State 33

   20 bmiFunc: CALCULATE my BMI .

    $default  reduce using rule 20 (bmiFunc)


State 34

   14 stockFunc: show me stock . NORMALSTRING stock

    NORMALSTRING  shift, and go to state 38


State 35

   23 ipFunc: show my IP .

    $default  reduce using rule 23 (ipFunc)


State 36

   10 timeFunc: WHAT TIME IS IT . questionmark

    QUESTIONMARK  shift, and go to state 39

    $default  reduce using rule 13 (questionmark)

    questionmark  go to state 40


State 37

   15 stockFunc: ANALYZE stock NORMALSTRING stock .

    $default  reduce using rule 15 (stockFunc)


State 38

   14 stockFunc: show me stock NORMALSTRING . stock

    STOCK  shift, and go to state 24

    $default  reduce using rule 19 (stock)

    stock  go to state 41


State 39

   12 questionmark: QUESTIONMARK .

    $default  reduce using rule 12 (questionmark)


State 40

   10 timeFunc: WHAT TIME IS IT questionmark .

    $default  reduce using rule 10 (timeFunc)


State 41

   14 stockFunc: show me stock NORMALSTRING stock .

    $default  reduce using rule 14 (stockFunc)
